<?xml version="1.0" encoding="UTF-8"?>
<beans xmlns="http://www.springframework.org/schema/beans"
    xmlns:xsi="http://www.w3.org/2001/XMLSchema-instance"
    xsi:schemaLocation="
http://www.springframework.org/schema/beans http://www.springframework.org/schema/beans/spring-beans-2.0.xsd">

    <bean id="securityAwareConfigurer" class="org.springframework.richclient.security.SecurityAwareConfigurer" lazy-init="false" />

    <bean id="applicationWindowFactory"
        class="org.springframework.richclient.security.support.DefaultSecurityControllerManagerTests$TestApplicationWindowFactory"
        lazy-init="true"/>

    <bean id="serviceLocator" class="org.springframework.richclient.application.ApplicationServicesLocator">
        <property name="applicationServices" ref="applicationServices"/>
    </bean>

    <bean id="applicationServices"
        class="org.springframework.richclient.application.support.DefaultApplicationServices">
        <property name="imageSource" ref="imageSource" />
        <property name="securityControllerManager" ref="securityControllerManager"/>
        <property name="applicationObjectConfigurerId">
            <idref bean="applicationObjectConfigurer" />
        </property>
        <property name="applicationWindowFactoryId"><idref bean="applicationWindowFactory"/></property>
    </bean>

    <bean id="applicationObjectConfigurer" depends-on="serviceLocator"
        class="org.springframework.richclient.application.config.DefaultApplicationObjectConfigurer">
    </bean>

    <bean id="messageSource" class="org.springframework.context.support.ResourceBundleMessageSource">
        <property name="basenames">
            <list>
                <value>org.springframework.richclient.application.messages</value>
            </list>
        </property>
    </bean>

    <bean id="imageResourcesFactory" class="org.springframework.context.support.ResourceMapFactoryBean">
        <property name="locations">
            <list>
                <value>classpath:org/springframework/richclient/image/images.properties</value>
            </list>
        </property>
    </bean>

    <bean id="imageSource" class="org.springframework.richclient.image.DefaultImageSource">
        <constructor-arg index="0" ref="imageResourcesFactory" />
        <property name="brokenImageIndicator">
            <value>/org/springframework/richclient/images/alert/error_obj.gif</value>
        </property>
    </bean>

    <bean id="authenticationManager"
	   class="org.springframework.richclient.security.TestAuthenticationManager"/>

    <bean id="testAuth1" class="org.springframework.richclient.security.support.TestAuthorizable"/>

    <bean id="adminController" class="org.springframework.richclient.security.support.UserRoleSecurityController">
        <property name="authorizingRoles" value="ROLE_ADMIN" />
        <property name="controlledObjects">
            <list>
                <ref bean="testAuth1"/>
            </list>
        </property>
    </bean>

    <bean id="writeController" class="org.springframework.richclient.security.support.UserRoleSecurityController">
        <property name="authorizingRoles" value="ROLE_WRITE,ROLE_ADMIN" />
    </bean>

    <bean id="securityControllerManager" class="org.springframework.richclient.security.support.DefaultSecurityControllerManager">
        <property name="securityControllerMap">
            <map>
                <entry key="adminAlias" value-ref="adminController"/>
            </map>
        </property>
    </bean>

</beans>
