<?xml version="1.0" encoding="UTF-8"?>
<beans xmlns="http://www.springframework.org/schema/beans"
    xmlns:xsi="http://www.w3.org/2001/XMLSchema-instance"
    xsi:schemaLocation="
http://www.springframework.org/schema/beans http://www.springframework.org/schema/beans/spring-beans-2.0.xsd">

    <bean id="windowCommandManager" class="org.springframework.richclient.application.support.ApplicationWindowCommandManager">
    </bean>

    <bean id="cmdAdmin" class="org.springframework.richclient.command.support.TestCommand">
        <property name="securityControllerId" value="adminController"/>
    </bean>

    <bean id="cmdWrite" class="org.springframework.richclient.command.support.TestCommand">
        <property name="securityControllerId" value="writeController"/>
    </bean>

    <bean id="cmdAdminAlias" class="org.springframework.richclient.command.support.TestCommand">
        <property name="securityControllerId" value="adminAlias"/>
    </bean>
</beans>
